<?xml version="1.0" encoding="UTF-8"?>
<!-- Generated by org.testng.reporters.JUnitReportReporter -->
<testsuite hostname="LIN-5CG2224BSH" failures="0" tests="1" name="io.Selenium" time="0.011" errors="0" timestamp="16 Aug 2024 11:12:40 GMT">
  <testcase classname="io.Selenium" name="test" time="0.011"/>
</testsuite> <!-- io.Selenium -->
