<?xml version="1.0" encoding="UTF-8"?>
<!-- Generated by org.testng.reporters.JUnitReportReporter -->
<testsuite hostname="LIN-5CG2224BSH" failures="0" tests="1" name="screenshotsAndReports.ScreenShotAndReports2" time="3.035" errors="0" timestamp="2024-08-25T12:40:31 IST" skipped="0">
  <testcase classname="screenshotsAndReports.ScreenShotAndReports2" name="Test" time="3.035"/>
</testsuite> <!-- screenshotsAndReports.ScreenShotAndReports2 -->
