<?xml version="1.0" encoding="UTF-8"?>
<!-- Generated by org.testng.reporters.JUnitReportReporter -->
<testsuite hostname="LIN-5CG2224BSH" failures="0" tests="2" name="SeleniumFrameworksPratice.jsonObject.DataProviderHashMap" time="4.332" errors="0" timestamp="2024-08-25T09:53:18 IST" skipped="0">
  <testcase classname="SeleniumFrameworksPratice.jsonObject.DataProviderHashMap" name="TestLogin" time="2.156"/>
  <testcase classname="SeleniumFrameworksPratice.jsonObject.DataProviderHashMap" name="TestLogin" time="2.176"/>
</testsuite> <!-- SeleniumFrameworksPratice.jsonObject.DataProviderHashMap -->
