<?xml version="1.0" encoding="UTF-8"?>
<!-- Generated by org.testng.reporters.JUnitReportReporter -->
<testsuite hostname="LIN-5CG2224BSH" failures="0" tests="2" name="SeleniumFrameworksPratice.FrameWorkPractiseSecondTime.DependsOnErrorHandling" time="8.473" errors="0" timestamp="2024-08-24T22:13:30 IST" skipped="0">
  <testcase classname="SeleniumFrameworksPratice.FrameWorkPractiseSecondTime.DependsOnErrorHandling" name="TestLogin" time="5.390"/>
  <testcase classname="SeleniumFrameworksPratice.FrameWorkPractiseSecondTime.DependsOnErrorHandling" name="TestLogin" time="3.083"/>
</testsuite> <!-- SeleniumFrameworksPratice.FrameWorkPractiseSecondTime.DependsOnErrorHandling -->
