<?xml version="1.0" encoding="UTF-8"?>
<!-- Generated by org.testng.reporters.JUnitReportReporter -->
<testsuite hostname="LIN-5CG2224BSH" failures="0" tests="2" name="SeleniumFrameworksPratice.FrameWorkPractiseSecondTime.DataProviderHashMap" time="6.094" errors="0" timestamp="2024-08-24T22:36:42 IST" skipped="0">
  <testcase classname="SeleniumFrameworksPratice.FrameWorkPractiseSecondTime.DataProviderHashMap" name="TestLogin" time="3.204"/>
  <testcase classname="SeleniumFrameworksPratice.FrameWorkPractiseSecondTime.DataProviderHashMap" name="TestLogin" time="2.890"/>
</testsuite> <!-- SeleniumFrameworksPratice.FrameWorkPractiseSecondTime.DataProviderHashMap -->
