<?xml version="1.0" encoding="UTF-8"?>
<!-- Generated by org.testng.reporters.JUnitReportReporter -->
<testsuite hostname="LIN-5CG2224BSH" failures="0" tests="1" name="io.annotations.TestAnno2" time="0.007" errors="0" timestamp="2024-08-20T10:56:58 IST" skipped="0">
  <testcase classname="io.annotations.TestAnno2" name="test" time="0.007"/>
</testsuite> <!-- io.annotations.TestAnno2 -->
