<?xml version="1.0" encoding="UTF-8"?>
<!-- Generated by org.testng.reporters.JUnitReportReporter -->
<testsuite hostname="LIN-5CG2224BSH" failures="0" tests="7" name="io.dependsOn.DepdensOn" time="0.024" errors="0" timestamp="2024-08-19T16:42:00 IST" skipped="1">
  <testcase classname="io.dependsOn.DepdensOn" name="ClastMethod" time="0.002"/>
  <testcase classname="io.dependsOn.DepdensOn" name="BlastMethod" time="0.006"/>
  <testcase classname="io.dependsOn.DepdensOn" name="ZlastMethod" time="0.009"/>
  <testcase classname="io.dependsOn.DepdensOn" name="para" time="0.001"/>
  <testcase classname="io.dependsOn.DepdensOn" name="PlastMethod" time="0.002"/>
  <testcase classname="io.dependsOn.DepdensOn" name="B1lastMethod" time="0.004"/>
  <testcase classname="io.dependsOn.DepdensOn" name="Failure">
    <skipped/>
  </testcase> <!-- Failure -->
</testsuite> <!-- io.dependsOn.DepdensOn -->
