<?xml version="1.0" encoding="UTF-8"?>
<!-- Generated by org.testng.reporters.JUnitReportReporter -->
<testsuite hostname="LIN-5CG2224BSH" failures="0" tests="2" name="io.testNgOOPS.Class3" time="0.019" errors="0" timestamp="2024-08-20T18:04:52 IST" skipped="0">
  <testcase classname="io.testNgOOPS.Class3" name="meth2" time="0.017"/>
  <testcase classname="io.testNgOOPS.Class3" name="printingParent" time="0.002"/>
</testsuite> <!-- io.testNgOOPS.Class3 -->
