<?xml version="1.0" encoding="UTF-8"?>
<!-- Generated by org.testng.reporters.JUnitReportReporter -->
<testsuite hostname="LIN-5CG2224BSH" failures="0" tests="1" name="io.annotations.TestAnno2" time="0.013" errors="0" timestamp="2024-08-25T12:37:40 IST" skipped="0">
  <testcase classname="io.annotations.TestAnno2" name="test" time="0.013"/>
</testsuite> <!-- io.annotations.TestAnno2 -->
