<?xml version="1.0" encoding="UTF-8"?>
<!-- Generated by org.testng.reporters.JUnitReportReporter -->
<testsuite hostname="LIN-5CG2224BSH" failures="0" tests="2" name="io.pacakges.Packages" time="0.004" errors="0" timestamp="2024-08-19T17:54:09 IST" skipped="0">
  <testcase classname="io.pacakges.Packages" name="Demo1" time="0.001"/>
  <testcase classname="io.pacakges.Packages" name="Demo" time="0.003"/>
</testsuite> <!-- io.pacakges.Packages -->
