<?xml version="1.0" encoding="UTF-8"?>
<!-- Generated by org.testng.reporters.JUnitReportReporter -->
<testsuite hostname="LIN-5CG2224BSH" failures="0" tests="7" name="io.dependsOn.parameters" time="0.016" errors="0" timestamp="2024-08-23T10:48:46 IST" skipped="0">
  <testcase classname="io.dependsOn.parameters" name="Datarpovider" time="0.001"/>
  <testcase classname="io.dependsOn.parameters" name="zparameterTest2" time="0.003"/>
  <testcase classname="io.dependsOn.parameters" name="parameterTest1" time="0.002"/>
  <testcase classname="io.dependsOn.parameters" name="Datarpovider" time="0.001"/>
  <testcase classname="io.dependsOn.parameters" name="Datarpovider" time="0.007"/>
  <testcase classname="io.dependsOn.parameters" name="parameterTest2" time="0.001"/>
  <testcase classname="io.dependsOn.parameters" name="aparameterTest3" time="0.001"/>
</testsuite> <!-- io.dependsOn.parameters -->
