<?xml version="1.0" encoding="UTF-8"?>
<!-- Generated by org.testng.reporters.JUnitReportReporter -->
<testsuite hostname="LIN-5CG2224BSH" failures="0" tests="5" name="io.dependsOn.parameters" time="0.038" errors="0" timestamp="2024-08-19T16:42:00 IST" skipped="0">
  <testcase classname="io.dependsOn.parameters" name="Datarpovider" time="0.003"/>
  <testcase classname="io.dependsOn.parameters" name="Datarpovider" time="0.014"/>
  <testcase classname="io.dependsOn.parameters" name="parameterTest2" time="0.011"/>
  <testcase classname="io.dependsOn.parameters" name="Datarpovider" time="0.005"/>
  <testcase classname="io.dependsOn.parameters" name="parameterTest1" time="0.005"/>
</testsuite> <!-- io.dependsOn.parameters -->
