<?xml version="1.0" encoding="UTF-8"?>
<!-- Generated by org.testng.reporters.JUnitReportReporter -->
<testsuite hostname="LIN-5CG2224BSH" failures="0" tests="1" name="io.extent.ExtentReport" time="2.365" errors="0" timestamp="2024-08-25T11:11:01 IST" skipped="0">
  <testcase classname="io.extent.ExtentReport" name="FirstTestReport" time="2.365"/>
</testsuite> <!-- io.extent.ExtentReport -->
